{"C:\\Users\\Usuario\\Desktop\\DAW\\Segundo\\SomniJoyas\\server\\src\\controllers\\orders-controller.js": {"path":"C:\\Users\\Usuario\\Desktop\\DAW\\Segundo\\SomniJoyas\\server\\src\\controllers\\orders-controller.js","statementMap":{"0":{"start":{"line":10,"column":2},"end":{"line":15,"column":3}},"1":{"start":{"line":11,"column":19},"end":{"line":11,"column":55}},"2":{"start":{"line":12,"column":4},"end":{"line":12,"column":28}},"3":{"start":{"line":14,"column":4},"end":{"line":14,"column":16}},"4":{"start":{"line":19,"column":2},"end":{"line":32,"column":3}},"5":{"start":{"line":20,"column":17},"end":{"line":20,"column":25}},"6":{"start":{"line":21,"column":19},"end":{"line":21,"column":47}},"7":{"start":{"line":22,"column":4},"end":{"line":22,"column":40}},"8":{"start":{"line":25,"column":4},"end":{"line":27,"column":5}},"9":{"start":{"line":26,"column":6},"end":{"line":26,"column":25}},"10":{"start":{"line":28,"column":4},"end":{"line":30,"column":5}},"11":{"start":{"line":29,"column":6},"end":{"line":29,"column":25}},"12":{"start":{"line":31,"column":4},"end":{"line":31,"column":16}},"13":{"start":{"line":36,"column":2},"end":{"line":41,"column":3}},"14":{"start":{"line":37,"column":26},"end":{"line":37,"column":68}},"15":{"start":{"line":38,"column":4},"end":{"line":38,"column":28}},"16":{"start":{"line":40,"column":4},"end":{"line":40,"column":16}},"17":{"start":{"line":44,"column":37},"end":{"line":51,"column":1}},"18":{"start":{"line":45,"column":2},"end":{"line":50,"column":3}},"19":{"start":{"line":46,"column":4},"end":{"line":46,"column":37}},"20":{"start":{"line":47,"column":4},"end":{"line":47,"column":59}},"21":{"start":{"line":49,"column":4},"end":{"line":49,"column":63}},"22":{"start":{"line":54,"column":2},"end":{"line":63,"column":3}},"23":{"start":{"line":55,"column":19},"end":{"line":55,"column":36}},"24":{"start":{"line":56,"column":19},"end":{"line":56,"column":56}},"25":{"start":{"line":57,"column":4},"end":{"line":57,"column":37}},"26":{"start":{"line":60,"column":4},"end":{"line":60,"column":58}},"27":{"start":{"line":61,"column":4},"end":{"line":61,"column":69}},"28":{"start":{"line":62,"column":4},"end":{"line":62,"column":16}}},"fnMap":{"0":{"name":"getOrdersController","decl":{"start":{"line":9,"column":22},"end":{"line":9,"column":41}},"loc":{"start":{"line":9,"column":55},"end":{"line":16,"column":1}},"line":9},"1":{"name":"createOrderController","decl":{"start":{"line":18,"column":22},"end":{"line":18,"column":43}},"loc":{"start":{"line":18,"column":59},"end":{"line":33,"column":1}},"line":18},"2":{"name":"updateOrderController","decl":{"start":{"line":35,"column":22},"end":{"line":35,"column":43}},"loc":{"start":{"line":35,"column":59},"end":{"line":42,"column":1}},"line":35},"3":{"name":"(anonymous_3)","decl":{"start":{"line":44,"column":37},"end":{"line":44,"column":38}},"loc":{"start":{"line":44,"column":57},"end":{"line":51,"column":1}},"line":44},"4":{"name":"getOrdersByIdController","decl":{"start":{"line":53,"column":22},"end":{"line":53,"column":45}},"loc":{"start":{"line":53,"column":62},"end":{"line":64,"column":1}},"line":53}},"branchMap":{"0":{"loc":{"start":{"line":25,"column":4},"end":{"line":27,"column":5}},"type":"if","locations":[{"start":{"line":25,"column":4},"end":{"line":27,"column":5}},{"start":{},"end":{}}],"line":25},"1":{"loc":{"start":{"line":28,"column":4},"end":{"line":30,"column":5}},"type":"if","locations":[{"start":{"line":28,"column":4},"end":{"line":30,"column":5}},{"start":{},"end":{}}],"line":28}},"s":{"0":2,"1":2,"2":1,"3":1,"4":1,"5":1,"6":1,"7":1,"8":0,"9":0,"10":0,"11":0,"12":0,"13":1,"14":1,"15":1,"16":0,"17":1,"18":1,"19":1,"20":1,"21":0,"22":1,"23":1,"24":1,"25":1,"26":0,"27":0,"28":0},"f":{"0":2,"1":1,"2":1,"3":1,"4":1},"b":{"0":[0,0],"1":[0,0]},"_coverageSchema":"1a1c01bbd47fc00a2c39e90264f33305004495a9","hash":"1cf1dd9a44863bf8462d45af8daab48b0ee2f80c"}
}
