TN:
SF:src\controllers\orders-controller.js
FN:9,getOrdersController
FN:18,createOrderController
FN:35,updateOrderController
FN:44,(anonymous_3)
FN:53,getOrdersByIdController
FNF:5
FNH:5
FNDA:2,getOrdersController
FNDA:1,createOrderController
FNDA:1,updateOrderController
FNDA:1,(anonymous_3)
FNDA:1,getOrdersByIdController
DA:10,2
DA:11,2
DA:12,1
DA:14,1
DA:19,1
DA:20,1
DA:21,1
DA:22,1
DA:25,0
DA:26,0
DA:28,0
DA:29,0
DA:31,0
DA:36,1
DA:37,1
DA:38,1
DA:40,0
DA:44,1
DA:45,1
DA:46,1
DA:47,1
DA:49,0
DA:54,1
DA:55,1
DA:56,1
DA:57,1
DA:60,0
DA:61,0
DA:62,0
LF:29
LH:19
BRDA:25,0,0,0
BRDA:25,0,1,0
BRDA:28,1,0,0
BRDA:28,1,1,0
BRF:4
BRH:0
end_of_record
